<?xml version="1.0" encoding="UTF-8"?>
<!-- Generated by org.testng.reporters.JUnitReportReporter -->
<testsuite hostname="DESKTOP-1AO5130" failures="0" tests="2" name="academy.E2EProject.HomePage" time="22.977" errors="0" timestamp="2021-03-28T22:54:14 EDT" skipped="0">
  <testcase classname="academy.E2EProject.HomePage" name="basePageNavigation" time="14.530"/>
  <system-out/>
  <testcase classname="academy.E2EProject.HomePage" name="basePageNavigation" time="8.447"/>
  <system-out/>
</testsuite> <!-- academy.E2EProject.HomePage -->
